<?xml version="1.0" encoding="UTF-8"?>
<!-- Generated by org.testng.reporters.JUnitReportReporter -->
<testsuite hostname="LAPTOP-9QHQVFLU" failures="0" tests="1" name="com.qa.testLayer.RegisterPatientTestCase" time="35.872" errors="0" timestamp="2022-09-08T18:57:51 IST" skipped="0">
  <testcase classname="com.qa.testLayer.RegisterPatientTestCase" name="registerPatient" time="35.872"/>
  <system-out/>
</testsuite> <!-- com.qa.testLayer.RegisterPatientTestCase -->
